[2025-08-12 13:57:53] [AI] [info]  Browser: 📊 Found 84 potential tweets on page
[2025-08-12 13:57:53] [AI] [info]  Browser: 📊 Found 84 potential tweets on page
[2025-08-12 13:57:53] [AI] [info]  Browser: 📊 Found 84 potential tweets on page
[2025-08-12 13:57:53] [AI] [info]  Browser: 📊 Found 84 potential tweets on page
[2025-08-12 13:57:53] [AI] [info]  Browser: 📊 Found 84 potential tweets on page
[2025-08-12 13:57:53] [AI] [info]  Browser: 📊 Found 84 potential tweets on page
[2025-08-12 13:57:53] [AI] [info]  Browser: 📊 Found 84 potential tweets on page
[2025-08-12 13:57:53] [AI] [info]  Browser: 📊 Found 84 potential tweets on page
[2025-08-12 13:57:53] [AI] [info]  Browser: 📊 Found 84 potential tweets on page
[2025-08-12 13:57:53] [AI] [info]  Browser: 📊 Found 84 potential tweets on page
[2025-08-12 13:57:53] [AI] [info]  Browser: 📊 Found 84 potential tweets on page
[2025-08-12 13:57:53] [AI] [info]  Browser: 📊 Found 84 potential tweets on page
[2025-08-12 13:57:54] [AI] [info]  Browser: 🔎 Actively searching for tweets in the timeline
[2025-08-12 13:57:54] [AI] [info]  Browser: 🔎 Actively searching for tweets in the timeline
[2025-08-12 13:57:54] [AI] [info]  Browser: 🔎 Actively searching for tweets in the timeline
[2025-08-12 13:57:54] [AI] [info]  Browser: 🔎 Actively searching for tweets in the timeline
[2025-08-12 13:57:54] [AI] [info]  Browser: 🔎 Actively searching for tweets in the timeline
[2025-08-12 13:57:54] [AI] [info]  Browser: 🔎 Actively searching for tweets in the timeline
[2025-08-12 13:57:54] [AI] [info]  Browser: 🔎 Actively searching for tweets in the timeline
[2025-08-12 13:57:54] [AI] [info]  Browser: 🔎 Actively searching for tweets in the timeline
[2025-08-12 13:57:54] [AI] [info]  Browser: 🔎 Actively searching for tweets in the timeline
[2025-08-12 13:57:54] [AI] [info]  Browser: 🔎 Actively searching for tweets in the timeline
[2025-08-12 13:57:54] [AI] [info]  Browser: 🔎 Actively searching for tweets in the timeline
[2025-08-12 13:57:54] [AI] [info]  Browser: 🔎 Actively searching for tweets in the timeline
[2025-08-12 13:57:54] [AI] [info]  Browser: 🔎 Actively searching for tweets in the timeline
[2025-08-12 13:57:54] [AI] [info]  Browser: 🔎 Actively searching for tweets in the timeline
[2025-08-12 13:57:54] [AI] [info]  Browser: 🔎 Actively searching for tweets in the timeline
[2025-08-12 13:57:54] [AI] [info]  Browser: 🔎 Actively searching for tweets in the timeline
[2025-08-12 13:57:54] [AI] [info]  Browser: 🔎 Actively searching for tweets in the timeline
[2025-08-12 13:57:54] [AI] [info]  Browser: 🔎 Actively searching for tweets in the timeline
[2025-08-12 13:57:54] [AI] [info]  Browser: 🔎 Actively searching for tweets in the timeline
[2025-08-12 13:57:54] [AI] [info]  Browser: 🔎 Actively searching for tweets in the timeline
[2025-08-12 13:57:54] [AI] [info]  Browser: 🔎 Actively searching for tweets in the timeline
[2025-08-12 13:57:54] [AI] [info]  Browser: 📊 Found 84 potential tweets on page
[2025-08-12 13:57:54] [AI] [info]  Browser: 📊 Found 84 potential tweets on page
[2025-08-12 13:57:54] [AI] [info]  Browser: 📊 Found 84 potential tweets on page
[2025-08-12 13:57:54] [AI] [info]  Browser: 📊 Found 84 potential tweets on page
[2025-08-12 13:57:54] [AI] [info]  Browser: 📊 Found 84 potential tweets on page
[2025-08-12 13:57:54] [AI] [info]  Browser: 📊 Found 84 potential tweets on page
[2025-08-12 13:57:54] [AI] [info]  Browser: 📊 Found 84 potential tweets on page
[2025-08-12 13:57:54] [AI] [info]  Browser: 📊 Found 84 potential tweets on page
[2025-08-12 13:57:54] [AI] [info]  Browser: 📊 Found 84 potential tweets on page
[2025-08-12 13:57:54] [AI] [info]  Browser: 📊 Found 84 potential tweets on page
[2025-08-12 13:57:54] [AI] [info]  Browser: 📊 Found 84 potential tweets on page
[2025-08-12 13:57:54] [AI] [info]  Browser: 📊 Found 84 potential tweets on page
[2025-08-12 13:57:54] [AI] [info]  Browser: 📊 Found 84 potential tweets on page
[2025-08-12 13:57:54] [AI] [info]  Browser: 📊 Found 84 potential tweets on page
[2025-08-12 13:57:54] [AI] [info]  Browser: 📊 Found 84 potential tweets on page
[2025-08-12 13:57:54] [AI] [info]  Browser: 📊 Found 84 potential tweets on page
[2025-08-12 13:57:54] [AI] [info]  Browser: 📊 Found 84 potential tweets on page
[2025-08-12 13:57:54] [AI] [info]  Browser: 📊 Found 84 potential tweets on page
[2025-08-12 13:57:54] [AI] [info]  Browser: 📊 Found 84 potential tweets on page
[2025-08-12 13:57:54] [AI] [info]  Browser: 📊 Found 84 potential tweets on page
[2025-08-12 13:57:54] [AI] [info]  Browser: 📊 Found 84 potential tweets on page
[2025-08-12 13:57:57] [AI] [info]  Refreshing Twitter page [13:57:57]
[2025-08-12 13:57:57] [AI] [error] TwitterPostObserver lost from page context - reinjecting
[2025-08-12 13:57:57] [AI] [info]  STARTING TWEET MONITORING SETUP
[2025-08-12 13:57:57] [AI] [info]  sendPostToMain function already exists, skipping registration
[2025-08-12 13:57:57] [AI] [info]  INJECTING ADVANCED MUTATION OBSERVER FOR TWITTER
[2025-08-12 13:57:57] [AI] [info]  Advanced Twitter Observer successfully injected
[2025-08-12 13:57:57] [AI] [info]  TWEET MONITORING CONFIGURED - UPDATING EVERY 20 SECONDS
[2025-08-12 13:57:57] [AI] [info]  🔄 Performing full page reload (20-second interval)
[2025-08-12 13:57:57] [AI] [warn]  Browser: Canvas2D: Multiple readback operations using getImageData are faster with the willReadFrequently attribute set to true. See: https://html.spec.whatwg.org/multipage/canvas.html#concept-canvas-will-read-frequently
[2025-08-12 13:57:57] [AI] [warn]  Browser: Canvas2D: Multiple readback operations using getImageData are faster with the willReadFrequently attribute set to true. See: https://html.spec.whatwg.org/multipage/canvas.html#concept-canvas-will-read-frequently
[2025-08-12 13:57:57] [AI] [warn]  Browser: Canvas2D: Multiple readback operations using getImageData are faster with the willReadFrequently attribute set to true. See: https://html.spec.whatwg.org/multipage/canvas.html#concept-canvas-will-read-frequently
[2025-08-12 13:57:57] [AI] [warn]  Browser: Canvas2D: Multiple readback operations using getImageData are faster with the willReadFrequently attribute set to true. See: https://html.spec.whatwg.org/multipage/canvas.html#concept-canvas-will-read-frequently
[2025-08-12 13:57:57] [AI] [warn]  Browser: Canvas2D: Multiple readback operations using getImageData are faster with the willReadFrequently attribute set to true. See: https://html.spec.whatwg.org/multipage/canvas.html#concept-canvas-will-read-frequently
[2025-08-12 13:57:57] [AI] [warn]  Browser: Canvas2D: Multiple readback operations using getImageData are faster with the willReadFrequently attribute set to true. See: https://html.spec.whatwg.org/multipage/canvas.html#concept-canvas-will-read-frequently
[2025-08-12 13:57:57] [AI] [warn]  Browser: Canvas2D: Multiple readback operations using getImageData are faster with the willReadFrequently attribute set to true. See: https://html.spec.whatwg.org/multipage/canvas.html#concept-canvas-will-read-frequently
[2025-08-12 13:57:57] [AI] [warn]  Browser: Canvas2D: Multiple readback operations using getImageData are faster with the willReadFrequently attribute set to true. See: https://html.spec.whatwg.org/multipage/canvas.html#concept-canvas-will-read-frequently
[2025-08-12 13:57:57] [AI] [warn]  Browser: Canvas2D: Multiple readback operations using getImageData are faster with the willReadFrequently attribute set to true. See: https://html.spec.whatwg.org/multipage/canvas.html#concept-canvas-will-read-frequently
[2025-08-12 13:57:57] [AI] [warn]  Browser: Canvas2D: Multiple readback operations using getImageData are faster with the willReadFrequently attribute set to true. See: https://html.spec.whatwg.org/multipage/canvas.html#concept-canvas-will-read-frequently
[2025-08-12 13:57:57] [AI] [warn]  Browser: Canvas2D: Multiple readback operations using getImageData are faster with the willReadFrequently attribute set to true. See: https://html.spec.whatwg.org/multipage/canvas.html#concept-canvas-will-read-frequently
[2025-08-12 13:57:57] [AI] [warn]  Browser: Canvas2D: Multiple readback operations using getImageData are faster with the willReadFrequently attribute set to true. See: https://html.spec.whatwg.org/multipage/canvas.html#concept-canvas-will-read-frequently
[2025-08-12 13:57:57] [AI] [warn]  Browser: Canvas2D: Multiple readback operations using getImageData are faster with the willReadFrequently attribute set to true. See: https://html.spec.whatwg.org/multipage/canvas.html#concept-canvas-will-read-frequently
[2025-08-12 13:57:57] [AI] [warn]  Browser: Canvas2D: Multiple readback operations using getImageData are faster with the willReadFrequently attribute set to true. See: https://html.spec.whatwg.org/multipage/canvas.html#concept-canvas-will-read-frequently
[2025-08-12 13:57:57] [AI] [warn]  Browser: Canvas2D: Multiple readback operations using getImageData are faster with the willReadFrequently attribute set to true. See: https://html.spec.whatwg.org/multipage/canvas.html#concept-canvas-will-read-frequently
[2025-08-12 13:57:57] [AI] [warn]  Browser: Canvas2D: Multiple readback operations using getImageData are faster with the willReadFrequently attribute set to true. See: https://html.spec.whatwg.org/multipage/canvas.html#concept-canvas-will-read-frequently
[2025-08-12 13:57:57] [AI] [warn]  Browser: Canvas2D: Multiple readback operations using getImageData are faster with the willReadFrequently attribute set to true. See: https://html.spec.whatwg.org/multipage/canvas.html#concept-canvas-will-read-frequently
[2025-08-12 13:57:57] [AI] [warn]  Browser: Canvas2D: Multiple readback operations using getImageData are faster with the willReadFrequently attribute set to true. See: https://html.spec.whatwg.org/multipage/canvas.html#concept-canvas-will-read-frequently
[2025-08-12 13:57:57] [AI] [warn]  Browser: Canvas2D: Multiple readback operations using getImageData are faster with the willReadFrequently attribute set to true. See: https://html.spec.whatwg.org/multipage/canvas.html#concept-canvas-will-read-frequently
[2025-08-12 13:57:57] [AI] [warn]  Browser: Canvas2D: Multiple readback operations using getImageData are faster with the willReadFrequently attribute set to true. See: https://html.spec.whatwg.org/multipage/canvas.html#concept-canvas-will-read-frequently
[2025-08-12 13:57:57] [AI] [warn]  Browser: Canvas2D: Multiple readback operations using getImageData are faster with the willReadFrequently attribute set to true. See: https://html.spec.whatwg.org/multipage/canvas.html#concept-canvas-will-read-frequently
[2025-08-12 13:57:57] [AI] [warn]  Browser: Canvas2D: Multiple readback operations using getImageData are faster with the willReadFrequently attribute set to true. See: https://html.spec.whatwg.org/multipage/canvas.html#concept-canvas-will-read-frequently
[2025-08-12 13:57:59] [AI] [info]  
🛑 ===============================================
[2025-08-12 13:57:59] [AI] [info]  🛑 STOPPING TWEET MONITORING
[2025-08-12 13:57:59] [AI] [info]  🛑 ===============================================

[2025-08-12 13:57:59] [AI] [info]  🔒 Closing browser instance...
[2025-08-12 13:57:59] [AI] [info]  🔒 Closing Twitter page...
[2025-08-12 13:57:59] [AI] [error] Error refreshing timeline: Error: Navigation failed because browser has disconnected!
    at new LifecycleWatcher (E:\PROJECTS\CRYPTO\fad-tracker\node_modules\puppeteer-core\lib\cjs\puppeteer\common\LifecycleWatcher.js:83:223)
    at Frame.waitForNavigation (E:\PROJECTS\CRYPTO\fad-tracker\node_modules\puppeteer-core\lib\cjs\puppeteer\common\Frame.js:254:25)
    at CDPPage.waitForNavigation (E:\PROJECTS\CRYPTO\fad-tracker\node_modules\puppeteer-core\lib\cjs\puppeteer\common\Page.js:448:91)
    at CDPPage.reload (E:\PROJECTS\CRYPTO\fad-tracker\node_modules\puppeteer-core\lib\cjs\puppeteer\common\Page.js:442:18)
    at Timeout.refreshPage (E:\PROJECTS\CRYPTO\fad-tracker\src\main\index.js:518:20)
    at process.processTicksAndRejections (node:internal/process/task_queues:95:5)
[2025-08-12 13:57:59] [AI] [error] Error scanning for tweets: TypeError: Cannot read properties of null (reading 'evaluate')
    at Timeout.refreshPage (E:\PROJECTS\CRYPTO\fad-tracker\src\main\index.js:574:18)
    at process.processTicksAndRejections (node:internal/process/task_queues:95:5)
[2025-08-12 13:57:59] [AI] [info]  ✅ Browser successfully closed
